c:\users\justin\source\repos\glshadow\glshadow\x64\debug\vc143.pdb
c:\users\justin\source\repos\glshadow\glshadow\x64\debug\vc143.idb
c:\users\justin\source\repos\glshadow\glshadow\x64\debug\vboman.obj
c:\users\justin\source\repos\glshadow\glshadow\x64\debug\vbo.obj
c:\users\justin\source\repos\glshadow\glshadow\x64\debug\vaoman.obj
c:\users\justin\source\repos\glshadow\glshadow\x64\debug\vao.obj
c:\users\justin\source\repos\glshadow\glshadow\x64\debug\textureman.obj
c:\users\justin\source\repos\glshadow\glshadow\x64\debug\texture.obj
c:\users\justin\source\repos\glshadow\glshadow\x64\debug\stb.obj
c:\users\justin\source\repos\glshadow\glshadow\x64\debug\shaderclass.obj
c:\users\justin\source\repos\glshadow\glshadow\x64\debug\model.obj
c:\users\justin\source\repos\glshadow\glshadow\x64\debug\mesh.obj
c:\users\justin\source\repos\glshadow\glshadow\x64\debug\main.obj
c:\users\justin\source\repos\glshadow\glshadow\x64\debug\eboman.obj
c:\users\justin\source\repos\glshadow\glshadow\x64\debug\ebo.obj
c:\users\justin\source\repos\glshadow\glshadow\x64\debug\camera.obj
c:\users\justin\source\repos\glshadow\glshadow\x64\debug\glad.obj
c:\users\justin\source\repos\glshadow\x64\debug\glshadow.exe
c:\users\justin\source\repos\glshadow\glshadow\x64\debug\glshadow.ilk
c:\users\justin\source\repos\glshadow\x64\debug\glshadow.pdb
c:\users\justin\source\repos\glshadow\glshadow\x64\debug\glshadow.tlog\cl.command.1.tlog
c:\users\justin\source\repos\glshadow\glshadow\x64\debug\glshadow.tlog\cl.items.tlog
c:\users\justin\source\repos\glshadow\glshadow\x64\debug\glshadow.tlog\cl.read.1.tlog
c:\users\justin\source\repos\glshadow\glshadow\x64\debug\glshadow.tlog\cl.write.1.tlog
c:\users\justin\source\repos\glshadow\glshadow\x64\debug\glshadow.tlog\link.command.1.tlog
c:\users\justin\source\repos\glshadow\glshadow\x64\debug\glshadow.tlog\link.read.1.tlog
c:\users\justin\source\repos\glshadow\glshadow\x64\debug\glshadow.tlog\link.write.1.tlog
