  Main.cpp
C:\Program Files\Microsoft Visual Studio\2022\Community\VC\Tools\MSVC\14.37.32822\include\utility(242,16): warning C4244: 'initializing': conversion from '_Ty' to '_Ty1', possible loss of data
          with
          [
              _Ty=double
          ]
          and
          [
              _Ty1=float
          ]
C:\Users\justin\source\repos\glShadow\glShadow\Main.cpp(429,21): message : see reference to function template instantiation 'std::pair<float,float>::pair<double,double,0>(_Other1 &&,_Other2 &&) noexcept' being compiled
          with
          [
              _Other1=double,
              _Other2=double
          ]
C:\Users\justin\source\repos\glShadow\glShadow\Main.cpp(429,20): message : see the first reference to 'std::pair<float,float>::pair' in 'main'
C:\Program Files\Microsoft Visual Studio\2022\Community\VC\Tools\MSVC\14.37.32822\include\utility(242,54): warning C4244: 'initializing': conversion from '_Ty' to '_Ty2', possible loss of data
          with
          [
              _Ty=double
          ]
          and
          [
              _Ty2=float
          ]
  glShadow.vcxproj -> C:\Users\justin\source\repos\glShadow\x64\Debug\glShadow.exe
